<?xml version="1.0" encoding="UTF-8"?>
<trace:TraceModel xmi:version="2.0"
    xmlns:xmi="http://www.omg.org/XMI"
    xmlns:trace="http://www.eclipse.org/gmf/2006/Trace">
  <nodeTraces
      visualID="2007"
      queryText="(let _eClass_:ecore::EClass = modelFacet.metaClass.ecoreClass in _eClass_.ePackage.nsURI = 'http:///www.open-people.fr/rdal/core' and _eClass_.name = 'RequirementsGroup') and (let _containmentMF_:ecore::EStructuralFeature = modelFacet.containmentMetaFeature.ecoreFeature in (let _eClass_:ecore::EClass = _containmentMF_.eContainingClass in _eClass_.ePackage.nsURI = 'http:///www.open-people.fr/rdal/core' and _eClass_.name = 'Specification') and _containmentMF_.name = 'requirementGroups')">
    <nodeLabelTraces
        visualID="5013"
        queryText="true"/>
    <compartmentTraces
        visualID="7003"
        queryText="true"/>
  </nodeTraces>
  <nodeTraces
      visualID="2010"
      queryText="(let _eClass_:ecore::EClass = modelFacet.metaClass.ecoreClass in _eClass_.ePackage.nsURI = 'http:///www.open-people.fr/rdal/core' and _eClass_.name = 'VerificationActivity') and (let _containmentMF_:ecore::EStructuralFeature = modelFacet.containmentMetaFeature.ecoreFeature in (let _eClass_:ecore::EClass = _containmentMF_.eContainingClass in _eClass_.ePackage.nsURI = 'http:///www.open-people.fr/rdal/core' and _eClass_.name = 'Specification') and _containmentMF_.name = 'verificationActivities')">
    <nodeLabelTraces
        visualID="5017"
        queryText="true"/>
  </nodeTraces>
  <nodeTraces
      visualID="2012"
      queryText="(let _eClass_:ecore::EClass = modelFacet.metaClass.ecoreClass in _eClass_.ePackage.nsURI = 'http:///www.open-people.fr/rdal/core' and _eClass_.name = 'Actor') and (let _containmentMF_:ecore::EStructuralFeature = modelFacet.containmentMetaFeature.ecoreFeature in (let _eClass_:ecore::EClass = _containmentMF_.eContainingClass in _eClass_.ePackage.nsURI = 'http:///www.open-people.fr/rdal/core' and _eClass_.name = 'Specification') and _containmentMF_.name = 'actors')">
    <nodeLabelTraces
        visualID="5019"
        queryText="true"/>
  </nodeTraces>
  <childNodeTraces
      visualID="3003"
      queryText="(let _eClass_:ecore::EClass = modelFacet.metaClass.ecoreClass in _eClass_.ePackage.nsURI = 'http:///www.open-people.fr/rdal/core' and _eClass_.name = 'Requirement') and (let _containmentMF_:ecore::EStructuralFeature = modelFacet.containmentMetaFeature.ecoreFeature in (let _eClass_:ecore::EClass = _containmentMF_.eContainingClass in _eClass_.ePackage.nsURI = 'http:///www.open-people.fr/rdal/core' and _eClass_.name = 'RequirementsGroup') and _containmentMF_.name = 'requirements')">
    <nodeLabelTraces
        visualID="5011"
        queryText="true"/>
  </childNodeTraces>
  <childNodeTraces
      visualID="3004"
      queryText="(let _eClass_:ecore::EClass = modelFacet.metaClass.ecoreClass in _eClass_.ePackage.nsURI = 'http:///www.open-people.fr/rdal/core' and _eClass_.name = 'Assumption') and (let _containmentMF_:ecore::EStructuralFeature = modelFacet.containmentMetaFeature.ecoreFeature in (let _eClass_:ecore::EClass = _containmentMF_.eContainingClass in _eClass_.ePackage.nsURI = 'http:///www.open-people.fr/rdal/core' and _eClass_.name = 'RequirementsGroup') and _containmentMF_.name = 'requirements')">
    <nodeLabelTraces
        visualID="5016"
        queryText="true"/>
  </childNodeTraces>
  <linkTraces
      visualID="4016"
      queryText="modelFacet.oclIsKindOf(gmfgen::FeatureLinkModelFacet) and (let _feature_:ecore::EStructuralFeature = modelFacet.oclAsType(gmfgen::FeatureLinkModelFacet).metaFeature.ecoreFeature in (let _eClass_:ecore::EClass = _feature_.eContainingClass in _eClass_.ePackage.nsURI = 'http:///www.open-people.fr/rdal/core' and _eClass_.name = 'AbstractRequirement') and _feature_.name = 'containedRequirements')"/>
  <linkTraces
      visualID="4017"
      queryText="modelFacet.oclIsKindOf(gmfgen::FeatureLinkModelFacet) and (let _feature_:ecore::EStructuralFeature = modelFacet.oclAsType(gmfgen::FeatureLinkModelFacet).metaFeature.ecoreFeature in (let _eClass_:ecore::EClass = _feature_.eContainingClass in _eClass_.ePackage.nsURI = 'http:///www.open-people.fr/rdal/core' and _eClass_.name = 'Requirement') and _feature_.name = 'assumptions')">
    <linkLabelTraces
        visualID="6010"
        queryText="true"/>
  </linkTraces>
  <linkTraces
      visualID="4019"
      queryText="modelFacet.oclIsKindOf(gmfgen::FeatureLinkModelFacet) and (let _feature_:ecore::EStructuralFeature = modelFacet.oclAsType(gmfgen::FeatureLinkModelFacet).metaFeature.ecoreFeature in (let _eClass_:ecore::EClass = _feature_.eContainingClass in _eClass_.ePackage.nsURI = 'http:///www.open-people.fr/rdal/core' and _eClass_.name = 'AbstractRequirement') and _feature_.name = 'verifiedBy')">
    <linkLabelTraces
        visualID="6011"
        queryText="true"/>
  </linkTraces>
  <linkTraces
      visualID="4021"
      queryText="modelFacet.oclIsKindOf(gmfgen::FeatureLinkModelFacet) and (let _feature_:ecore::EStructuralFeature = modelFacet.oclAsType(gmfgen::FeatureLinkModelFacet).metaFeature.ecoreFeature in (let _eClass_:ecore::EClass = _feature_.eContainingClass in _eClass_.ePackage.nsURI = 'http:///www.open-people.fr/rdal/core' and _eClass_.name = 'ContractualElement') and _feature_.name = 'stakeholders')"/>
  <linkTraces
      visualID="4022"
      queryText="modelFacet.oclIsKindOf(gmfgen::FeatureLinkModelFacet) and (let _feature_:ecore::EStructuralFeature = modelFacet.oclAsType(gmfgen::FeatureLinkModelFacet).metaFeature.ecoreFeature in (let _eClass_:ecore::EClass = _feature_.eContainingClass in _eClass_.ePackage.nsURI = 'http:///www.open-people.fr/rdal/core' and _eClass_.name = 'ContractualElement') and _feature_.name = 'derivedFrom')">
    <linkLabelTraces
        visualID="6012"
        queryText="true"/>
  </linkTraces>
  <linkTraces
      visualID="4023"
      queryText="modelFacet.oclIsKindOf(gmfgen::FeatureLinkModelFacet) and (let _feature_:ecore::EStructuralFeature = modelFacet.oclAsType(gmfgen::FeatureLinkModelFacet).metaFeature.ecoreFeature in (let _eClass_:ecore::EClass = _feature_.eContainingClass in _eClass_.ePackage.nsURI = 'http:///www.open-people.fr/rdal/core' and _eClass_.name = 'Requirement') and _feature_.name = 'refinedBY')">
    <linkLabelTraces
        visualID="6013"
        queryText="true"/>
  </linkTraces>
</trace:TraceModel>
